[2020-04-29 11:36:59] Initializing...
FISCO-BCOS Version : 2.3.0
Build Time         : 20200331 07:12:25
Build Type         : Linux/clang/Release
Git Branch         : HEAD
Git Commit Hash    : b8b62664d1b1f0ad0489bc4b3833bf730deee492
[2020-04-29 11:37:01] The FISCO-BCOS is running...
[2020-04-29 18:12:48] Initializing...
FISCO-BCOS Version : 2.3.0
Build Time         : 20200331 07:12:25
Build Type         : Linux/clang/Release
Git Branch         : HEAD
Git Commit Hash    : b8b62664d1b1f0ad0489bc4b3833bf730deee492
[2020-04-29 18:12:55] The FISCO-BCOS is running...
[2020-04-30 09:37:28] Initializing...
FISCO-BCOS Version : 2.3.0
Build Time         : 20200331 07:12:25
Build Type         : Linux/clang/Release
Git Branch         : HEAD
Git Commit Hash    : b8b62664d1b1f0ad0489bc4b3833bf730deee492
[2020-04-30 09:37:35] The FISCO-BCOS is running...
[2020-05-12 10:55:32] Initializing...
FISCO-BCOS Version : 2.3.0
Build Time         : 20200331 07:12:25
Build Type         : Linux/clang/Release
Git Branch         : HEAD
Git Commit Hash    : b8b62664d1b1f0ad0489bc4b3833bf730deee492
[2020-05-12 10:55:37] The FISCO-BCOS is running...
[2020-05-13 10:17:23] Initializing...
FISCO-BCOS Version : 2.3.0
Build Time         : 20200331 07:12:25
Build Type         : Linux/clang/Release
Git Branch         : HEAD
Git Commit Hash    : b8b62664d1b1f0ad0489bc4b3833bf730deee492
[2020-05-13 10:17:31] The FISCO-BCOS is running...
[2020-05-15 13:06:44] Initializing...
FISCO-BCOS Version : 2.3.0
Build Time         : 20200331 07:12:25
Build Type         : Linux/clang/Release
Git Branch         : HEAD
Git Commit Hash    : b8b62664d1b1f0ad0489bc4b3833bf730deee492
[2020-05-15 13:06:49] The FISCO-BCOS is running...
[2020-05-16 21:35:52] Initializing...
FISCO-BCOS Version : 2.3.0
Build Time         : 20200331 07:12:25
Build Type         : Linux/clang/Release
Git Branch         : HEAD
Git Commit Hash    : b8b62664d1b1f0ad0489bc4b3833bf730deee492
[2020-05-16 21:36:01] The FISCO-BCOS is running...
[2020-05-17 18:15:52] Initializing...
FISCO-BCOS Version : 2.3.0
Build Time         : 20200331 07:12:25
Build Type         : Linux/clang/Release
Git Branch         : HEAD
Git Commit Hash    : b8b62664d1b1f0ad0489bc4b3833bf730deee492
[2020-05-17 18:15:55] The FISCO-BCOS is running...
[2020-05-17 22:09:35] Initializing...
FISCO-BCOS Version : 2.3.0
Build Time         : 20200331 07:12:25
Build Type         : Linux/clang/Release
Git Branch         : HEAD
Git Commit Hash    : b8b62664d1b1f0ad0489bc4b3833bf730deee492
[2020-05-17 22:09:39] The FISCO-BCOS is running...
